0 info it worked if it ends with ok
1 verbose cli [ 'C:\\Program Files\\nodejs\\node.exe',
1 verbose cli   'C:\\Program Files\\nodejs\\node_modules\\npm\\bin\\npm-cli.js',
1 verbose cli   'run',
1 verbose cli   'build' ]
2 info using npm@3.10.10
3 info using node@v6.11.0
4 verbose run-script [ 'prebuild', 'build', 'postbuild' ]
5 info lifecycle leaflet-contextmenu@1.4.0~prebuild: leaflet-contextmenu@1.4.0
6 silly lifecycle leaflet-contextmenu@1.4.0~prebuild: no script for prebuild, continuing
7 info lifecycle leaflet-contextmenu@1.4.0~build: leaflet-contextmenu@1.4.0
8 verbose lifecycle leaflet-contextmenu@1.4.0~build: unsafe-perm in lifecycle true
9 verbose lifecycle leaflet-contextmenu@1.4.0~build: PATH: C:\Program Files\nodejs\node_modules\npm\bin\node-gyp-bin;C:\Users\golikov\Github\Scanex\Leaflet.contextmenu\node_modules\.bin;C:\Users\golikov\Downloads\cmder\bin;C:\Users\golikov\Downloads\cmder\vendor\conemu-maximus5\ConEmu\Scripts;C:\Users\golikov\Downloads\cmder\vendor\conemu-maximus5;C:\Users\golikov\Downloads\cmder\vendor\conemu-maximus5\ConEmu;C:\Windows\system32;C:\Windows;C:\Windows\System32\Wbem;C:\Windows\System32\WindowsPowerShell\v1.0\;C:\Program Files\Git\cmd;C:\Program Files\nodejs\;C:\Program Files\TortoiseGit\bin;C:\Program Files (x86)\Skype\Phone\;C:\Users\golikov\AppData\Roaming\npm;C:\Program Files\Microsoft VS Code\bin;C:\Program Files\Git\usr\bin;C:\Program Files\Git\usr\share\vim\vim74;C:\Users\golikov\Downloads\cmder\
10 verbose lifecycle leaflet-contextmenu@1.4.0~build: CWD: C:\Users\golikov\Github\Scanex\Leaflet.contextmenu
11 silly lifecycle leaflet-contextmenu@1.4.0~build: Args: [ '/d /s /c', 'npm run concat && npm run compress' ]
12 silly lifecycle leaflet-contextmenu@1.4.0~build: Returned: code: 1  signal: null
13 info lifecycle leaflet-contextmenu@1.4.0~build: Failed to exec build script
14 verbose stack Error: leaflet-contextmenu@1.4.0 build: `npm run concat && npm run compress`
14 verbose stack Exit status 1
14 verbose stack     at EventEmitter.<anonymous> (C:\Program Files\nodejs\node_modules\npm\lib\utils\lifecycle.js:255:16)
14 verbose stack     at emitTwo (events.js:106:13)
14 verbose stack     at EventEmitter.emit (events.js:191:7)
14 verbose stack     at ChildProcess.<anonymous> (C:\Program Files\nodejs\node_modules\npm\lib\utils\spawn.js:40:14)
14 verbose stack     at emitTwo (events.js:106:13)
14 verbose stack     at ChildProcess.emit (events.js:191:7)
14 verbose stack     at maybeClose (internal/child_process.js:891:16)
14 verbose stack     at Process.ChildProcess._handle.onexit (internal/child_process.js:226:5)
15 verbose pkgid leaflet-contextmenu@1.4.0
16 verbose cwd C:\Users\golikov\Github\Scanex\Leaflet.contextmenu
17 error Windows_NT 6.1.7601
18 error argv "C:\\Program Files\\nodejs\\node.exe" "C:\\Program Files\\nodejs\\node_modules\\npm\\bin\\npm-cli.js" "run" "build"
19 error node v6.11.0
20 error npm  v3.10.10
21 error code ELIFECYCLE
22 error leaflet-contextmenu@1.4.0 build: `npm run concat && npm run compress`
22 error Exit status 1
23 error Failed at the leaflet-contextmenu@1.4.0 build script 'npm run concat && npm run compress'.
23 error Make sure you have the latest version of node.js and npm installed.
23 error If you do, this is most likely a problem with the leaflet-contextmenu package,
23 error not with npm itself.
23 error Tell the author that this fails on your system:
23 error     npm run concat && npm run compress
23 error You can get information on how to open an issue for this project with:
23 error     npm bugs leaflet-contextmenu
23 error Or if that isn't available, you can get their info via:
23 error     npm owner ls leaflet-contextmenu
23 error There is likely additional logging output above.
24 verbose exit [ 1, true ]
